\BOOKMARK [0][-]{chapter.1}{Rules and policies}{}
\BOOKMARK [0][-]{chapter.2}{AI projects and tools \(W1\)}{}
\BOOKMARK [1][-]{section.2.1}{AI undergraduate projects}{chapter.2}
\BOOKMARK [1][-]{section.2.2}{AI-related competitions}{chapter.2}
\BOOKMARK [1][-]{section.2.3}{Running latex}{chapter.2}
\BOOKMARK [1][-]{section.2.4}{Linux support}{chapter.2}
\BOOKMARK [1][-]{section.2.5}{Exercises}{chapter.2}
\BOOKMARK [0][-]{chapter.3}{Installing the tool \(W2\)}{}
\BOOKMARK [1][-]{section.3.1}{Exercises}{chapter.3}
\BOOKMARK [0][-]{chapter.4}{Running and understanding examples \(W3\)}{}
\BOOKMARK [1][-]{section.4.1}{Exercises}{chapter.4}
\BOOKMARK [0][-]{chapter.5}{Understanding conceptual instrumentation \(W4\)}{}
\BOOKMARK [1][-]{section.5.1}{Exercises}{chapter.5}
\BOOKMARK [0][-]{chapter.6}{Project description \(W5\)}{}
\BOOKMARK [1][-]{section.6.1}{Narrative description}{chapter.6}
\BOOKMARK [1][-]{section.6.2}{Facts}{chapter.6}
\BOOKMARK [1][-]{section.6.3}{Specifications}{chapter.6}
\BOOKMARK [1][-]{section.6.4}{Top level design of the scenario}{chapter.6}
\BOOKMARK [1][-]{section.6.5}{Knowledge acquisition}{chapter.6}
\BOOKMARK [1][-]{section.6.6}{Related work}{chapter.6}
\BOOKMARK [1][-]{section.6.7}{Exercises}{chapter.6}
\BOOKMARK [0][-]{chapter.7}{Preliminary results \(W7\)}{}
\BOOKMARK [1][-]{section.7.1}{Exercises}{chapter.7}
\BOOKMARK [0][-]{chapter.8}{Implementation details \(W9\)}{}
\BOOKMARK [1][-]{section.8.1}{Relevant code}{chapter.8}
\BOOKMARK [1][-]{section.8.2}{Common bad practice in AI undergraduate projects}{chapter.8}
\BOOKMARK [1][-]{section.8.3}{Exercises}{chapter.8}
\BOOKMARK [0][-]{chapter.9}{Tool expressivity \(W10\)}{}
\BOOKMARK [0][-]{chapter.10}{Graphs and experiments \(W11\)}{}
\BOOKMARK [1][-]{section.10.1}{Evaluation metrics}{chapter.10}
\BOOKMARK [0][-]{chapter.11}{Related work and documentation \(W12\)}{}
\BOOKMARK [1][-]{section.11.1}{Related approaches}{chapter.11}
\BOOKMARK [1][-]{section.11.2}{Advantages and limitations of your solution}{chapter.11}
\BOOKMARK [1][-]{section.11.3}{Possible extensions of the current work}{chapter.11}
\BOOKMARK [0][-]{chapter.12}{Project demo and documentation \(W13\)}{}
\BOOKMARK [1][-]{section.12.1}{Exercises}{chapter.12}
\BOOKMARK [0][-]{chapter.13}{Results dissemination and feedback \(W14\)}{}
\BOOKMARK [1][-]{subsection.13.0.1}{Public presentation}{chapter.13}
\BOOKMARK [2][-]{subsection.13.0.2}{Self-assessment}{subsection.13.0.1}
\BOOKMARK [2][-]{subsection.13.0.3}{Formative feedback}{subsection.13.0.1}
\BOOKMARK [2][-]{subsection.13.0.4}{Problem-based learning}{subsection.13.0.1}
\BOOKMARK [0][-]{appendix.A}{Your original code}{}
\BOOKMARK [0][-]{appendix.B}{Quick technical guide for running your project}{}
\BOOKMARK [0][-]{appendix.C}{Check list}{}
